C51 COMPILER V9.60.7.0   GPIO                                                              05/07/2025 17:14:51 PAGE 1   


C51 COMPILER V9.60.7.0, COMPILATION OF MODULE GPIO
OBJECT MODULE PLACED IN ..\Output\gpio.obj
COMPILER INVOKED BY: D:\APP\Keil_v5\C51\BIN\C51.EXE ..\Core\Src\gpio.c LARGE OPTIMIZE(8,SPEED) BROWSE INCDIR(..\BSP\Inc;
                    -..\Core\Inc;..\Driver;..\Emembed\Inc;..\SYSTEM\Inc) DEBUG OBJECTEXTEND PRINT(.\Listings\gpio.lst) OBJECT(..\Output\gpio.
                    -obj)

line level    source

   1          /*
   2          |P0^0|          |P1^0|TK1       |P2^0|LED5      |P3^0|RX1       |P4^0|        |P5^0|         
   3          |P0^1|DATA      |P1^1|TK2       |P2^1|LED4      |P3^1|TX1       |P4^1|        |P5^1|         
   4          |P0^2|CS        |P1^2|          |P2^2|LED3      |P3^2|          |P4^2|        |P5^2|RX4         
   5          |P0^3|WR        |P1^3|TK4       |P2^3|LED2      |P3^3|          |P4^3|        |P5^3|TX4     
   6          |P0^4|DR4       |P1^4|TK5       |P2^4|LED1      |P3^4|          |P4^4|BL      |P5^4|TK3
   7          |P0^5|          |P1^5|TK6       |P2^5|          |P3^5|          |P4^5|        |P5^5|             
   8          |P0^6|          |P1^6|          |P2^6|          |P3^6|          |P4^6|        |P5^6|     
   9          |P0^7|          |P1^7|          |P2^7|          |P3^7|LED6      |P4^7|        |P5^7|     
  10          */ 
  11          #include "gpio.h"
  12          
  13          /**
  14           * @brief       GPIO初始化
  15           *
  16           * @param   void
  17           *
  18           * @return  void
  19           */
  20          void GPIO_Init( void )
  21          {
  22   1          P0M0 = 0X00;    P0M1 = 0X00;         
  23   1          P1M0 = 0x00;    P1M1 = 0X3B;   
  24   1          P2M0 = 0X1F;    P2M1 = 0x00;
  25   1          P3M0 = 0X82;    P3M1 = 0X00; 
  26   1          P4M0 = 0X10;    P4M1 = 0X00; 
  27   1          P5M0 = 0x08;    P5M1 = 0x10; 
  28   1      }


MODULE INFORMATION:   STATIC OVERLAYABLE
   CODE SIZE        =     32    ----
   CONSTANT SIZE    =   ----    ----
   XDATA SIZE       =   ----    ----
   PDATA SIZE       =   ----    ----
   DATA SIZE        =   ----    ----
   IDATA SIZE       =   ----    ----
   BIT SIZE         =   ----    ----
END OF MODULE INFORMATION.


C51 COMPILATION COMPLETE.  0 WARNING(S),  0 ERROR(S)
