C51 COMPILER V9.60.7.0   COMMON                                                            05/09/2025 22:57:57 PAGE 1   


C51 COMPILER V9.60.7.0, COMPILATION OF MODULE COMMON
OBJECT MODULE PLACED IN .\Output\common.obj
COMPILER INVOKED BY: D:\APP\Keil_STM32\C51\BIN\C51.EXE Emembed\Src\common.c LARGE OMF2 OPTIMIZE(8,SPEED) BROWSE INCDIR(.
                    -\BSP\Inc;.\Core\Inc;.\Emembed\Inc) DEBUG PRINT(.\common.lst) OBJECT(.\Output\common.obj)

line level    source

   1          #include "common.h"
   2          
   3          /**
   4           * @brief       一些定时执行的事件   Timer3：10ms
   5           *
   6           * @param   
   7           *
   8           * @return  void
   9          **/
  10          void Tim3_ISR( void ) interrupt 19
  11          {
  12   1          static uint16_t fan_rotate_cnt = 0;
  13   1          static uint16_t modbus_04scan_cnt = 0;
  14   1          static uint16_t alarm_temp_flick_cnt = 0;
  15   1          /* 1, 风扇旋转           */
  16   1          fan_rotate_cnt++;
  17   1          if(fan_rotate_cnt == 15)
  18   1          {
  19   2              lcd_info.fan_rotate_flag = 1 - lcd_info.fan_rotate_flag;
  20   2              fan_rotate_cnt = 0;
  21   2          }
  22   1      
  23   1          /* 2, 04查询           */
  24   1          modbus_04scan_cnt++;
  25   1          if( modbus_04scan_cnt == 100 )
  26   1          {
  27   2              modbus.scan_flag_04 = 1;
  28   2              modbus_04scan_cnt = 0;
  29   2          }
  30   1      
  31   1          /* 3, 报警温度闪烁           */
  32   1          alarm_temp_flick_cnt++;
  33   1          if( alarm_temp_flick_cnt == 50 )
  34   1          {
  35   2              lcd_info.alarm_temp_flick_flag = 1 - lcd_info.alarm_temp_flick_flag;
  36   2              alarm_temp_flick_cnt = 0;
  37   2          }
  38   1      }


MODULE INFORMATION:   STATIC OVERLAYABLE
   CODE SIZE        =    151    ----
   CONSTANT SIZE    =   ----    ----
   XDATA SIZE       =      6    ----
   PDATA SIZE       =   ----    ----
   DATA SIZE        =   ----    ----
   IDATA SIZE       =   ----    ----
   BIT SIZE         =   ----    ----
   EDATA SIZE       =   ----    ----
   HDATA SIZE       =   ----    ----
   XDATA CONST SIZE =   ----    ----
   FAR CONST SIZE   =   ----    ----
END OF MODULE INFORMATION.


C51 COMPILATION COMPLETE.  0 WARNING(S),  0 ERROR(S)
