C51 COMPILER V9.60.7.0   LCD                                                               05/08/2025 14:13:56 PAGE 1   


C51 COMPILER V9.60.7.0, COMPILATION OF MODULE LCD
OBJECT MODULE PLACED IN .\Output\lcd.obj
COMPILER INVOKED BY: D:\APP\Keil_v5\C51\BIN\C51.EXE lcd.c LARGE OMF2 OPTIMIZE(8,SPEED) BROWSE INCDIR(.\BSP\Inc;.\Core\In
                    -c;.\Emembed\Inc) DEBUG OBJECT(.\Output\lcd.obj)

line level    source

   1          #include "lcd.h"
   2          
   3          
   4          u8      idata   LCD_buff[20];   //LCDЯдДц
   5          
   6          /****************** ЖдЕк1~5Ъ§зжзАдиЯдЪОКЏЪ§ ***************************/
   7          u8 code t_display[]={                                           //БъзМзжПт
   8          //       0    1    2    3    4    5    6    7    8    9    A    B    C    D    E    F
   9                  0x3F,0x06,0x5B,0x4F,0x66,0x6D,0x7D,0x07,0x7F,0x6F,0x77,0x7C,0x39,0x5E,0x79,0x71,
  10          //black  -     H    J    K        L        N    o   P    U     t    G    Q    r   M    y
  11                  0x00,0x40,0x76,0x1E,0x70,0x38,0x37,0x5C,0x73,0x3E,0x78,0x3d,0x67,0x50,0x37,0x6e};
  12          
  13          u8 code seg_pos[]={0,2,5,0,2,4,4,2,0,6,4,2,0,6};
  14          
  15          
  16          
  17          /********************** НЋЯдЪОФкШнЕМШыЯдДц *****************************/
  18          void    LoadToLcd(void)
  19          {
  20   1              C0SEGV0  = LCD_buff[0];     // C0SEG 7~0Ъ§ОнМФДцЦї
  21   1              C0SEGV1  = LCD_buff[1];     // C0SEG 15~8Ъ§ОнМФДцЦї
  22   1              C0SEGV2  = LCD_buff[2];     // C0SEG 23~16Ъ§ОнМФДцЦї
  23   1              C0SEGV3  = LCD_buff[3];     // C0SEG 31~24Ъ§ОнМФДцЦї
  24   1              C0SEGV4  = LCD_buff[4];     // C0SEG 39~32Ъ§ОнМФДцЦї
  25   1              C1SEGV0  = LCD_buff[5];     // C1SEG 7~0Ъ§ОнМФДцЦї
  26   1              C1SEGV1  = LCD_buff[6];     // C1SEG 15~8Ъ§ОнМФДцЦї
  27   1              C1SEGV2  = LCD_buff[7];     // C1SEG 23~16Ъ§ОнМФДцЦї
  28   1              C1SEGV3  = LCD_buff[8];     // C1SEG 31~24Ъ§ОнМФДцЦї
  29   1              C1SEGV4  = LCD_buff[9];     // C1SEG 39~32Ъ§ОнМФДцЦї
  30   1              C2SEGV0  = LCD_buff[10];    // C2SEG 7~0Ъ§ОнМФДцЦї
  31   1              C2SEGV1  = LCD_buff[11];    // C2SEG 15~8Ъ§ОнМФДцЦї
  32   1              C2SEGV2  = LCD_buff[12];    // C2SEG 23~16Ъ§ОнМФДцЦї
  33   1              C2SEGV3  = LCD_buff[13];    // C2SEG 31~24Ъ§ОнМФДцЦї
  34   1              C2SEGV4  = LCD_buff[14];    // C2SEG 39~32Ъ§ОнМФДцЦї
  35   1              C3SEGV0  = LCD_buff[15];    // C3SEG 7~0Ъ§ОнМФДцЦї
  36   1              C3SEGV1  = LCD_buff[16];    // C3SEG 15~8Ъ§ОнМФДцЦї
  37   1              C3SEGV2  = LCD_buff[17];    // C3SEG 23~16Ъ§ОнМФДцЦї
  38   1              C3SEGV3  = LCD_buff[18];    // C3SEG 31~24Ъ§ОнМФДцЦї
  39   1              C3SEGV4  = LCD_buff[19];    // C3SEG 39~32Ъ§ОнМФДцЦї
  40   1      }
  41          
  42          void    LCD_load(u8 n, u8 dat)          //nЮЊЕкМИИіЪ§зжЃЌЮЊ1~5ЃЌdatЮЊвЊЯдЪОЕФЪ§зж
  43          {
  44   1      
  45   1      
  46   1              if((n == 0) || (n >= 15))       
  47   1                      return; //КЯЗЈжЕ 1~5
  48   1      
  49   1              dat =  t_display[dat];
  50   1      
  51   1              switch( n )
  52   1              {
  53   2                      case 1:
  54   2                      case 2:
C51 COMPILER V9.60.7.0   LCD                                                               05/08/2025 14:13:56 PAGE 2   

  55   2                      case 3:
  56   2                              LCD_buff[0]  &= ~(1<<seg_pos[n-1]);
  57   2                              LCD_buff[5]  &= ~(3<<seg_pos[n-1]);
  58   2                              LCD_buff[10] &= ~(3<<seg_pos[n-1]);
  59   2                              LCD_buff[15] &= ~(3<<seg_pos[n-1]);
  60   2                      
  61   2                              if(dat & 0x01)          LCD_buff[15] |= (1<<seg_pos[n-1]);      //T_SEG_ABC[n];         //A
  62   2                              if(dat & 0x02)          LCD_buff[15] |= (2<<seg_pos[n-1]);      //T_SEG_ABC[n];         //B
  63   2                              if(dat & 0x04)          LCD_buff[5]  |= (2<<seg_pos[n-1]);      //T_SEG_ABC[n];         //C
  64   2                              if(dat & 0x08)          LCD_buff[0]  |= (1<<seg_pos[n-1]);      //T_SEG_DEFG[n];        //D
  65   2                              if(dat & 0x10)          LCD_buff[5]  |= (1<<seg_pos[n-1]);      //T_SEG_DEFG[n];        //E
  66   2                              if(dat & 0x20)          LCD_buff[10] |= (1<<seg_pos[n-1]);      //T_SEG_DEFG[n];        //F
  67   2                              if(dat & 0x40)          LCD_buff[10] |= (2<<seg_pos[n-1]);      //T_SEG_DEFG[n];        //G             
  68   2                              break;
  69   2                      
  70   2                      case 4:
  71   2                              LCD_buff[0]  &= ~(1<<7);
  72   2                              LCD_buff[5]  &= ~(1<<7);
  73   2                              LCD_buff[10] &= ~(1<<7);
  74   2                              LCD_buff[15] &= ~(1<<7);
  75   2      //                      LCD_buff[1]  &= ~(1<<0);
  76   2                              LCD_buff[6]  &= ~(1<<0);
  77   2                              LCD_buff[11] &= ~(1<<0);
  78   2                              LCD_buff[16] &= ~(1<<0);
  79   2                      
  80   2                              if(dat & 0x01)          LCD_buff[15] |= (1<<7); //T_SEG_ABC[n];         //A
  81   2                              if(dat & 0x02)          LCD_buff[16] |= (1<<0); //T_SEG_ABC[n];         //B
  82   2                              if(dat & 0x04)          LCD_buff[6]  |= (1<<0); //T_SEG_ABC[n];         //C
  83   2                              if(dat & 0x08)          LCD_buff[0]  |= (1<<7); //T_SEG_DEFG[n];        //D
  84   2                              if(dat & 0x10)          LCD_buff[5]  |= (1<<7); //T_SEG_DEFG[n];        //E
  85   2                              if(dat & 0x20)          LCD_buff[10] |= (1<<7); //T_SEG_DEFG[n];        //F
  86   2                              if(dat & 0x40)          LCD_buff[11] |= (1<<0); //T_SEG_DEFG[n];        //G                             
  87   2                              break;
  88   2                      
  89   2                      case 5:
  90   2                      case 6:                 
  91   2                              LCD_buff[1]  &= ~(1<<seg_pos[n-1]);
  92   2                              LCD_buff[6]  &= ~(3<<seg_pos[n-1]);
  93   2                              LCD_buff[11] &= ~(3<<seg_pos[n-1]);
  94   2                              LCD_buff[16] &= ~(3<<seg_pos[n-1]);
  95   2                      
  96   2                              if(dat & 0x01)          LCD_buff[16] |= (1<<seg_pos[n-1]);      //T_SEG_ABC[n];         //A
  97   2                              if(dat & 0x02)          LCD_buff[16] |= (2<<seg_pos[n-1]);      //T_SEG_ABC[n];         //B
  98   2                              if(dat & 0x04)          LCD_buff[6]  |= (2<<seg_pos[n-1]);      //T_SEG_ABC[n];         //C
  99   2                              if(dat & 0x08)          LCD_buff[1]  |= (1<<seg_pos[n-1]);      //T_SEG_DEFG[n];        //D
 100   2                              if(dat & 0x10)          LCD_buff[6]  |= (1<<seg_pos[n-1]);      //T_SEG_DEFG[n];        //E
 101   2                              if(dat & 0x20)          LCD_buff[11] |= (1<<seg_pos[n-1]);      //T_SEG_DEFG[n];        //F
 102   2                              if(dat & 0x40)          LCD_buff[11] |= (2<<seg_pos[n-1]);      //T_SEG_DEFG[n];        //G             
 103   2                              break;
 104   2                      
 105   2                      case 14:                        
 106   2                              LCD_buff[1]  &= ~(3<<seg_pos[n-1]);
 107   2                              LCD_buff[6]  &= ~(3<<seg_pos[n-1]);
 108   2                              LCD_buff[11] &= ~(3<<seg_pos[n-1]);
 109   2                              LCD_buff[16] &= ~(2<<seg_pos[n-1]);
 110   2                      
 111   2                              if(dat & 0x01)          LCD_buff[1]   |= (2<<seg_pos[n-1]);     //T_SEG_ABC[n];         //A
 112   2                              if(dat & 0x02)          LCD_buff[1]   |= (1<<seg_pos[n-1]);     //T_SEG_ABC[n];         //B
 113   2                              if(dat & 0x04)          LCD_buff[11]  |= (1<<seg_pos[n-1]);     //T_SEG_ABC[n];         //C
 114   2                              if(dat & 0x08)          LCD_buff[16]  |= (2<<seg_pos[n-1]);     //T_SEG_DEFG[n];        //D
 115   2                              if(dat & 0x10)          LCD_buff[11]  |= (2<<seg_pos[n-1]);     //T_SEG_DEFG[n];        //E
 116   2                              if(dat & 0x20)          LCD_buff[6]   |= (2<<seg_pos[n-1]);     //T_SEG_DEFG[n];        //F
C51 COMPILER V9.60.7.0   LCD                                                               05/08/2025 14:13:56 PAGE 3   

 117   2                              if(dat & 0x40)          LCD_buff[6]   |= (1<<seg_pos[n-1]);     //T_SEG_DEFG[n];        //G             
 118   2                              break;          
 119   2                      
 120   2                      case 13:        
 121   2                      case 12:
 122   2                      case 11:
 123   2                      case 10:                        
 124   2                              LCD_buff[2]  &= ~(3<<seg_pos[n-1]);
 125   2                              LCD_buff[7]  &= ~(3<<seg_pos[n-1]);
 126   2                              LCD_buff[12] &= ~(3<<seg_pos[n-1]);
 127   2                              LCD_buff[17] &= ~(2<<seg_pos[n-1]);
 128   2                      
 129   2                              if(dat & 0x01)          LCD_buff[2]   |= (2<<seg_pos[n-1]);     //T_SEG_ABC[n];         //A
 130   2                              if(dat & 0x02)          LCD_buff[2]   |= (1<<seg_pos[n-1]);     //T_SEG_ABC[n];         //B
 131   2                              if(dat & 0x04)          LCD_buff[12]  |= (1<<seg_pos[n-1]);     //T_SEG_ABC[n];         //C
 132   2                              if(dat & 0x08)          LCD_buff[17]  |= (2<<seg_pos[n-1]);     //T_SEG_DEFG[n];        //D
 133   2                              if(dat & 0x10)          LCD_buff[12]  |= (2<<seg_pos[n-1]);     //T_SEG_DEFG[n];        //E
 134   2                              if(dat & 0x20)          LCD_buff[7]   |= (2<<seg_pos[n-1]);     //T_SEG_DEFG[n];        //F
 135   2                              if(dat & 0x40)          LCD_buff[7]   |= (1<<seg_pos[n-1]);     //T_SEG_DEFG[n];        //G             
 136   2                              break;  
 137   2                      
 138   2                      case 9: 
 139   2                      case 8:
 140   2                      case 7: 
 141   2                              LCD_buff[3]  &= ~(3<<seg_pos[n-1]);
 142   2                              LCD_buff[8]  &= ~(3<<seg_pos[n-1]);
 143   2                              LCD_buff[13] &= ~(3<<seg_pos[n-1]);
 144   2                              LCD_buff[14] &= ~(2<<seg_pos[n-1]);
 145   2                      
 146   2                              if(dat & 0x01)          LCD_buff[3]   |= (2<<seg_pos[n-1]);     //T_SEG_ABC[n];         //A
 147   2                              if(dat & 0x02)          LCD_buff[3]   |= (1<<seg_pos[n-1]);     //T_SEG_ABC[n];         //B
 148   2                              if(dat & 0x04)          LCD_buff[13]  |= (1<<seg_pos[n-1]);     //T_SEG_ABC[n];         //C
 149   2                              if(dat & 0x08)          LCD_buff[18]  |= (2<<seg_pos[n-1]);     //T_SEG_DEFG[n];        //D
 150   2                              if(dat & 0x10)          LCD_buff[13]  |= (2<<seg_pos[n-1]);     //T_SEG_DEFG[n];        //E
 151   2                              if(dat & 0x20)          LCD_buff[8]   |= (2<<seg_pos[n-1]);     //T_SEG_DEFG[n];        //F
 152   2                              if(dat & 0x40)          LCD_buff[8]   |= (1<<seg_pos[n-1]);     //T_SEG_DEFG[n];        //G             
 153   2                              break;  
 154   2                      
 155   2                      default:
 156   2                              break;
 157   2                      
 158   2              }
 159   1      }
 160          
 161          /********************** LCDХфжУКЏЪ§ *****************************/
 162          void    LCD_config(void)
 163          {
 164   1              u8      i;
 165   1      
 166   1      //      LCDCFG  = 0x80 + 0;     // 0x00:бЁдёCPUЪБжгЮЊLCDЪБжг, 0x80: бЁдёЭтВП32KОЇеёзіЪБжг. VLCDЕчбЙбЁдё0~7ЖдгІ0.65+
             -VLCD*0.05.
 167   1      //      DBLEN   = 2;            // ЩшжУLCDЯдЪОЪБЕФЫРЧјЪБМфГЄЖШ, ШЁжЕ0~7.
 168   1      //      COMLENH = 0;            // COMЪБМфГЄЖШЩшжУ ИпзжНкCOMLEN[19:16],  вЛЙВ20bit.
 169   1      //      COMLENM = 0;            // COMЪБМфГЄЖШЩшжУ жазжНкCOMLEN[15:8]   LCDЫЂаТТЪ = LCDЪБжгЦЕТЪ / ((DBLEN[2:0]+COMLEN[19:0]
             -+1) *2 * COMЪ§)
 170   1      //      COMLENL = 65;           // COMЪБМфГЄЖШЩшжУ ЕЭзжНкCOMLEN[7:0]    LCDЫЂаТТЪ = 32768/((2+65+1)*2*4) = 60Hz
 171   1      //      BLINKRATE = 60;         // ЩСЫИТЪХфжУМФДцЦї, LCDЩСЫИТЪ = LCDЫЂаТТЪ / BLINKRATE[7:0] Hz
 172   1              
 173   1              LCDCFG  = 0x00 + 0;     // 0x00:бЁдёCPUЪБжгЮЊLCDЪБжг, 0x80: бЁдёЭтВП32KОЇеёзіЪБжг. VLCDЕчбЙбЁдё0~7ЖдгІ0.65+VL
             -CD*0.05.
 174   1              DBLNTH   = 2;           // ЩшжУLCDЯдЪОЪБЕФЫРЧјЪБМфГЄЖШ, ШЁжЕ0~7.
 175   1              COMLNTHH        = 0x01;         // COMЪБМфГЄЖШЩшжУ ИпзжНкCOMLEN[19:16],  вЛЙВ20bit.
C51 COMPILER V9.60.7.0   LCD                                                               05/08/2025 14:13:56 PAGE 4   

 176   1              COMLNTHM        = 0x86;         // COMЪБМфГЄЖШЩшжУ жазжНкCOMLEN[15:8]   LCDЫЂаТТЪ = LCDЪБжгЦЕТЪ / ((DBLEN[2:0]+COMLEN[19:
             -0]+1) *2 * COMЪ§)
 177   1              COMLNTHL        = 0x9d;         // COMЪБМфГЄЖШЩшжУ ЕЭзжНкCOMLEN[7:0]    LCDЫЂаТТЪ = 32768/((2+65+1)*2*4) = 60Hz
 178   1              BLINKFRPS = 60;         // ЩСЫИТЪХфжУМФДцЦї, LCDЩСЫИТЪ = LCDЫЂаТТЪ / BLINKRATE[7:0] Hz
 179   1              
 180   1              COM_ON_A  = 0x0f;               // COMЪЙФмМФДцЦї
 181   1              SEG_ON_A = 0xff;                // SEGЯпЪЙФмМФДцЦї1, SEG7~SEG0
 182   1              SEG_ON_B = 0xff;                // SEGЯпЪЙФмМФДцЦї2, SEG15~SEG8
 183   1              SEG_ON_C = 0xff;                // SEGЯпЪЙФмМФДцЦї3, SEG23~SEG16
 184   1              SEG_ON_D = 0xff;                // SEGЯпЪЙФмМФДцЦї4, SEG31~SEG24
 185   1              SEG_ON_E = 0xff;                // SEGЯпЪЙФмМФДцЦї5, SEG39~SEG32
 186   1              
 187   1              P5n_pure_input(0x03);   //P5.0 P5.1 ЩшжУЮЊИпзшЪфШы      COM0 COM1
 188   1              P3n_pure_input(0x60);   //P3.5 P3.6 ЩшжУЮЊИпзшЪфШы      COM2 COM3
 189   1      
 190   1              LCDCFG2 = 0x0f;                 // SEG0~3ЧаЛЛЕНP7.7~7.4
 191   1              P7n_pure_input(0xf0);   //P7.7~P7.4 ЩшжУЮЊИпзшЪфШы      SEG0~SEG3 (ЖдгІP7.7~7.4)
 192   1              P4n_pure_input(0x80);   //P4.7      ЩшжУЮЊИпзшЪфШы      SEG4
 193   1              P1n_pure_input(0x03);   //P1.1~P1.0 ЩшжУЮЊИпзшЪфШы      SEG5 SEG6       (ЖдгІP1.1 P1.0)
 194   1              P0n_pure_input(0xe0);   //P0.7~P0.5 ЩшжУЮЊИпзшЪфШы      SEG7 SEG8 SEG9  (ЖдгІP0.7 P0.6 P0.5)
 195   1              P5n_pure_input(0x0C);   //P5.3 P5.2 ЩшжУЮЊИпзшЪфШы      SEG10 SEG11     (ЖдгІP5.3 P5.2)
 196   1              P0n_pure_input(0x1f);   //P0.4~P0.0 ЩшжУЮЊИпзшЪфШы      SEG12~SEG16  (ЖдгІP0.4 ~ 0.0)
 197   1              P4n_pure_input(0x60);   //P4.6 P4.5 ЩшжУЮЊИпзшЪфШы      SEG17 SEG18
 198   1              //P2n_pure_input(0xff); //P2.7~P2.0 ЩшжУЮЊИпзшЪфШы      SEG19~SEG26  (ЖдгІP2.7~2.0)
 199   1              P4n_pure_input(0x1e);   //P4.4~P4.1 ЩшжУЮЊИпзшЪфШы      SEG27~SEG30  (ЖдгІP4.4~4.1)
 200   1              P3n_pure_input(0x80);   //P3.7      ЩшжУЮЊИпзшЪфШы      SEG31
 201   1              P7n_pure_input(0x0f);   //P7.3~P7.0 ЩшжУЮЊИпзшЪфШы      SEG32~SEG35  (ЖдгІP7.3~7.0)
 202   1              P6n_pure_input(0x0f);   //P6.0~P6.3 ЩшжУЮЊИпзшЪфШы      SEG36~SEG39  (ЖдгІP6.3~6.0)
 203   1      
 204   1              for(i=0; i<20; i++)     
 205   1                      LCD_buff[i] = 0xff;     //ЧхГ§ЯдЪОФкШн
 206   1                      
 207   1      //      LCD_buff[15]=0x05;
 208   1              
 209   1              LoadToLcd();    //НЋЯдЪОФкШнЕМШыЯдДц
 210   1      
 211   1              LCDCR = (0<<1) + 1;     // LCDПижЦМФДцЦї, 0:ЦеЭЈФЃЪН, 1:ГЄАЕФЃЪН, 2:ГЄССФЃЪН, 3:ЩСЫИФЃЪН.  +0:НћжЙLCDФЃПщ,  +
             -1:дЪаэLCDФЃПщ.
 212   1      }
 213          


MODULE INFORMATION:   STATIC OVERLAYABLE
   CODE SIZE        =   1472    ----
   CONSTANT SIZE    =     46    ----
   XDATA SIZE       =   ----    ----
   PDATA SIZE       =   ----    ----
   DATA SIZE        =   ----    ----
   IDATA SIZE       =     20    ----
   BIT SIZE         =   ----    ----
   EDATA SIZE       =   ----    ----
   HDATA SIZE       =   ----    ----
   XDATA CONST SIZE =   ----    ----
   FAR CONST SIZE   =   ----    ----
END OF MODULE INFORMATION.


C51 COMPILATION COMPLETE.  0 WARNING(S),  0 ERROR(S)
