C51 COMPILER V9.60.7.0   MAIN                                                              05/08/2025 14:13:56 PAGE 1   


C51 COMPILER V9.60.7.0, COMPILATION OF MODULE MAIN
OBJECT MODULE PLACED IN .\Output\main.obj
COMPILER INVOKED BY: D:\APP\Keil_v5\C51\BIN\C51.EXE main.c LARGE OMF2 OPTIMIZE(8,SPEED) BROWSE INCDIR(.\BSP\Inc;.\Core\I
                    -nc;.\Emembed\Inc) DEBUG OBJECT(.\Output\main.obj)

line level    source

   1          #include "stc.h"   //包含此头文件后，不需要再包含"reg51.h"头文件
   2          #include "lcd.h"
   3          #include "touch.h"
   4          #include "delay.h"
   5          #include "tm1722.h"
   6          #include "uart.h"
   7          #include "communication.h"
   8          
   9          u8      isr_index;
  10          
  11          /******************** 主函数 **************************/
  12          void main(void)
  13          {
  14   1              u8 i=0;
  15   1              //uint16_t cnt = 0;
  16   1          P_SW2 |= 0x80;     //扩展寄存器(XFR)访问使能
  17   1          GPIO_Init();
  18   1      
  19   1              /*  调试使用 printf  */
  20   1              Uart1_Init();
  21   1      
  22   1          EA = 1;     //打开总中断
  23   1      
  24   1              BL = 0;
  25   1              screen_init();
  26   1              lcd_info_init();
  27   1              screen_all_dis();
  28   1              KEY_T_Init();   
  29   1              //LoadToLcd();  
  30   1              key_val.key1_scan_allow = 1;       
  31   1          key_val.key2_scan_allow = 1;  
  32   1          key_val.key3_scan_allow = 1;   
  33   1          key_val.key4_scan_allow = 1;   
  34   1          key_val.key5_scan_allow = 1;   
  35   1          key_val.key6_scan_allow = 1; 
  36   1              key_val.key_sacn_flag   = 1;
  37   1              printf("====== code start ====== \r\n");
  38   1      
  39   1          while(1)
  40   1          {
  41   2                      i = KEY_ReadState(KEY6);
  42   2                      printf("The value is %d \r\n",(int)i);
  43   2                      key_scan();
  44   2                      delay_ms(10);
  45   2              
  46   2              }
  47   1      
  48   1      
  49   1      }
  50          
  51          
  52          //========================================================================
  53          // 函数: void TKSU_Interrupt(void)
  54          // 描述: 触摸按键中断。
C51 COMPILER V9.60.7.0   MAIN                                                              05/08/2025 14:13:56 PAGE 2   

  55          // 参数: none.
  56          // 返回: none.
  57          // 版本: VER1.0
  58          // 日期: 2021-02-01
  59          // 备注: 
  60          //========================================================================
  61          void TKSU_Interrupt(void) interrupt 13
  62          {
  63   1              u8      j;
  64   1              j = TSSTA2;
  65   1              if(j & 0x40)    //数据溢出, 错误处理(略)
  66   1              {
  67   2                      TSSTA2 |= 0x40; //写1清零
  68   2              }
  69   1              if(j & 0x80)    //扫描完成
  70   1              {
  71   2                      j &= 0x0f;
  72   2                      TSSTA2 |= 0x80; //写1清零
  73   2                      TK_cnt[j] = TSDAT;      //保存某个通道的读数
  74   2                      if( j==5 )
  75   2                              B_ReadKeyOk=1;
  76   2              }
  77   1          
  78   1      //    if( intf )
  79   1      //    {
  80   1      //        P0INTF=0;
  81   1      //    }    
  82   1      }


MODULE INFORMATION:   STATIC OVERLAYABLE
   CODE SIZE        =    188    ----
   CONSTANT SIZE    =     47    ----
   XDATA SIZE       =      1       1
   PDATA SIZE       =   ----    ----
   DATA SIZE        =   ----    ----
   IDATA SIZE       =   ----    ----
   BIT SIZE         =   ----    ----
   EDATA SIZE       =   ----    ----
   HDATA SIZE       =   ----    ----
   XDATA CONST SIZE =   ----    ----
   FAR CONST SIZE   =   ----    ----
END OF MODULE INFORMATION.


C51 COMPILATION COMPLETE.  0 WARNING(S),  0 ERROR(S)
