C51 COMPILER V9.60.7.0   TOUCH                                                             05/09/2025 01:35:28 PAGE 1   


C51 COMPILER V9.60.7.0, COMPILATION OF MODULE TOUCH
OBJECT MODULE PLACED IN .\Output\touch.obj
COMPILER INVOKED BY: D:\APP\Keil_STM32\C51\BIN\C51.EXE touch.c LARGE OMF2 OPTIMIZE(8,SPEED) BROWSE INCDIR(.\BSP\Inc;.\Co
                    -re\Inc;.\Emembed\Inc) DEBUG OBJECT(.\Output\touch.obj)

line level    source

   1          #include "touch.h"
   2          
   3          //P54 P13 14 15 TK2 3 4 5
   4          u16     xdata TK_cnt[6];        // 键计数值
   5          u32     xdata TK_zero[6];       // 0点读数 
   6          u16 T_KeyCmp[6] ;
   7          bit     B_ReadKeyOk=1;  //标志已转换完成16个键
   8          u16 Count[6] ;
   9          u16 LastState ;                                         //8位变量       b0=1，代表k0上一次按下过 
  10          KEY_VAL key_val;
  11                  
  12          void KEY_T_Init(void)
  13          {
  14   1          u8 i,j=0;
  15   1      
  16   1              TSRT = 0x00;            //没有LED分时扫描
  17   1              TSCHEN1 = 0x3f; //TK00~TK07
  18   1              TSCHEN2 = 0x00; //TK08~TK15
  19   1              
  20   1              TSCFG1  = (7<<4) + 3;   //开关电容工作频率 = fosc/(2*(TSCFG1[6:4]+1)), 放电时间(系统时钟周期数) 0(125) 1(25
             -0) 2(500) 3(1000) 4(2000) 5(2500) 6(5000) 7(7500) 最小3
  21   1              TSCFG2  = 2;                            //配置触摸按键控制器的内部参考电压(AVCC的分压比), 0(1/4)  1(1/2)  2(5/8)  3(3/4)
  22   1              TSCTRL = 0xA0;                  //开始自动扫描, 无平均, B7: TSGO,  B6: SINGLE,  B5: TSWAIT, B4: TSWUCS, B3: TSDCEN, B2: 
             -TSWUEN, B1 B0: TSSAMP
  23   1              
  24   1      //      TSCTRL = (1<<7) + (1<<6);       //开始单次扫描, 无平均
  25   1      //      TSCTRL = (1<<7) + (1<<6)+3;     //开始单次扫描, 4次平均
  26   1      //      TSCTRL = (1<<7) + (1<<6)+1;     //开始单次扫描, 2次平均
  27   1      //      TSWUTC = 12;            //100ms唤醒一次
  28   1              IE2 |= 0x80;                    //使能触摸中断 
  29   1          EA = 1;
  30   1          
  31   1              TSCTRL = 0xA0;
  32   1              
  33   1              delay_ms(100);
  34   1          for(i=0;i<6;i++)
  35   1              {
  36   2                      TK_zero[i]=0;
  37   2              }
  38   1                      
  39   1          while(j<6)
  40   1          {
  41   2              if( B_ReadKeyOk )
  42   2              {
  43   3                  for(i=0;i<6;i++)
  44   3                      TK_zero[i] += TK_cnt[i];
  45   3                  B_ReadKeyOk = 0;
  46   3                  j++;
  47   3              }
  48   2              delay_ms(50);
  49   2          }
  50   1          for(i=0;i<6;i++)
  51   1          {
  52   2              TK_zero[i]=(TK_zero[i]>>3);
C51 COMPILER V9.60.7.0   TOUCH                                                             05/09/2025 01:35:28 PAGE 2   

  53   2      //        printf("%u\t",(u16)TK_zero[i]);
  54   2              T_KeyCmp[i] = 1500;
  55   2                      //T_KeyCmp[i] = TK_zero[i] * 0.3;
  56   2          }    
  57   1          
  58   1      }
  59          
  60          
  61          
  62          //========================================================================
  63          // 函数名称: KEY_Deal
  64          // 函数功能: 按键状态读取
  65          // 入口参数: 无
  66          // 函数返回: 无
  67          // 当前版本: VER1.0
  68          // 修改日期: 2023 - 1-1
  69          // 当前作者:
  70          // 其他备注:循环读取八个端口的状态，并将按下的时间赋值给 Count 数组，按下的状态赋值给LastState
  71          //========================================================================
  72          void KEY_Deal(void)                     //检查所有的按键状态 10ms执行一次
  73          {
  74   1              u8 i = 0;
  75   1          
  76   1      //    printf("(%u,%u,%u)\r\n",(u16)TK_cnt[0],(u16)TK_cnt[1],(u16)TK_cnt[2]);
  77   1          
  78   1              for(i=0;i<6;i++)                                        //循环8次 i的取值范围是0-7  代表了P30-P37的状态查询
  79   1              {
  80   2                      if( i < 3 )
  81   2                      {
  82   3                              if( TK_cnt[i]< (TK_zero[i]-T_KeyCmp[i]))                        //持续按下，变量+1 
  83   3                              {
  84   4                                      if( Count[i]<60000 )
  85   4                                              Count[i] ++;                    //按键按下，这个计数变量+1
  86   4                              }
  87   3                              else                                                    //按键松开了，变量清0
  88   3                              {
  89   4                                      if( Count[i]>0 )                        //如果这个变量是按下过的
  90   4                                      {
  91   5                                              LastState |= (1<<i);    //这个变量相应的标志位置位
  92   5                                      }
  93   4                                      else
  94   4                                      {
  95   5                                              LastState &= ~(1<<i);   //这个变量相应的标志位清0
  96   5                                      }
  97   4                                      Count[i] = 0;                           //按键按下，这个计数变量清0
  98   4                              }
  99   3                      }else
 100   2                      {
 101   3                              if( TK_cnt[i]> (TK_zero[i]+T_KeyCmp[i]))                        //持续按下，变量+1                      
 102   3                              {
 103   4                                      if( Count[i]<60000 )
 104   4                                              Count[i] ++;                    //按键按下，这个计数变量+1
 105   4                              }
 106   3                              else                                                    //按键松开了，变量清0
 107   3                              {
 108   4                                      if( Count[i]>0 )                        //如果这个变量是按下过的
 109   4                                      {
 110   5                                              LastState |= (1<<i);    //这个变量相应的标志位置位
 111   5                                      }
 112   4                                      else
 113   4                                      {
 114   5                                              LastState &= ~(1<<i);   //这个变量相应的标志位清0
C51 COMPILER V9.60.7.0   TOUCH                                                             05/09/2025 01:35:28 PAGE 3   

 115   5                                      }
 116   4                                      Count[i] = 0;                           //按键按下，这个计数变量清0
 117   4                              }
 118   3                      }
 119   2              }
 120   1      }
 121          
 122          //========================================================================
 123          // 函数名称: KEY_ReadState
 124          // 函数功能: 读取指定的按钮的状态
 125          // 入口参数: @keynum : 按钮的端口号 例如P32端口，端口号就是2
 126          // 函数返回: 看其他备注
 127          // 当前版本: VER1.0
 128          // 修改日期: 2023 - 1- 1
 129          // 当前作者:
 130          // 其他备注: 函数返回值如下
 131          //      #define KEY_NOPRESS             0               //按键未按下
 132          //      #define KEY_FILCKER             1               //消抖
 133          //      #define KEY_PRESS               2               //单击
 134          //      #define KEY_PRESSOVER   3               //单击结束
 135          //      #define KEY_LONGPRESS   4               //长按3秒
 136          //      #define KEY_LONGOVER    5               //长按结束
 137          //      #define KEY_RELAX               6               //按键松开
 138          
 139          //========================================================================
 140          
 141          u8 KEY_ReadState(u8 keynum)     //读取指定的按键的状态 10ms执行一次
 142          {
 143   1              if( Count[keynum]>0 )                                   //按键是按下的各种状态返回
 144   1              {
 145   2                      if( Count[keynum]<3 )                           //按下<30ms 返回消抖状态
 146   2                      {
 147   3                              return KEY_FILCKER;
 148   3                      }
 149   2                      else if( Count[keynum]==3 )                     //按下正好30ms 返回单击
 150   2                      {
 151   3                              return KEY_PRESS;
 152   3                      }
 153   2                      else if( Count[keynum]<150 )            //按下不到3000ms 返回单击结束
 154   2                      {
 155   3                              return KEY_PRESSOVER;
 156   3                      }               
 157   2                      else if( Count[keynum]==150 )           //按下正好3000ms 返回长按状态
 158   2                      {
 159   3                              return KEY_LONGPRESS;
 160   3                      }       
 161   2                      else                                                            //长按结束
 162   2                      {
 163   3                              return KEY_LONGOVER;
 164   3                      }                       
 165   2                      
 166   2              }
 167   1              else                                                                    //按键已经松开了，返回各种状态
 168   1              {
 169   2                      if( LastState &( 1<<keynum ) )          //按键之前按下过
 170   2                      {
 171   3                              return KEY_RELAX;               
 172   3                      }
 173   2                      else                                                            //按键之前没有按下
 174   2                      {
 175   3                              return KEY_NOPRESS;
 176   3                      }
C51 COMPILER V9.60.7.0   TOUCH                                                             05/09/2025 01:35:28 PAGE 4   

 177   2              }
 178   1      }
 179          
 180          void key_val_init( void )
 181          {
 182   1              key_val.key1_scan_allow = 1;       
 183   1          key_val.key2_scan_allow = 1;  
 184   1          key_val.key3_scan_allow = 1;   
 185   1          key_val.key4_scan_allow = 1;   
 186   1          key_val.key5_scan_allow = 1;   
 187   1          key_val.key6_scan_allow = 1; 
 188   1              key_val.key_sacn_flag   = 1;
 189   1      }
 190          void key_scan( void )
 191          {
 192   1              if( key_val.key_sacn_flag == 1 )
 193   1              {
 194   2                      KEY_Deal();     
 195   2                      if( KEY_ReadState(KEY4) == KEY_PRESS )                                                                                  //调节通道
 196   2                      {
 197   3                              channel_choose();
 198   3                              send_to_slave();
 199   3                      }
 200   2                      if(( KEY_ReadState(KEY2) == KEY_PRESS ) && ( key_val.key2_scan_allow == 1 ))    //调节功率↑
 201   2                      {
 202   3                              up_key();
 203   3                              send_to_slave();
 204   3                      }
 205   2                      if(( KEY_ReadState(KEY3) == KEY_PRESS ) && ( key_val.key3_scan_allow == 1 ))    //调节功率↓
 206   2                      {
 207   3                              down_key();
 208   3                              send_to_slave();
 209   3                      }
 210   2                      if(( KEY_ReadState(KEY5) == KEY_PRESS ) && ( key_val.key5_scan_allow == 1 ))
 211   2                      {
 212   3                              mode_choose();
 213   3                              get_slave_statu_03();
 214   3                      }
 215   2      
 216   2                      if( KEY_ReadState(KEY6) == KEY_LONGOVER )                                                                               //调节风力
 217   2                      {
 218   3                              key_val.key2_scan_allow = 0;
 219   3                              key_val.key3_scan_allow = 0;
 220   3                              key_val.key5_scan_allow = 0;
 221   3      
 222   3                              if( KEY_ReadState(KEY2) == KEY_PRESS )
 223   3                              {
 224   4                                      fan_up();
 225   4                                      send_to_slave();
 226   4                              }
 227   3                              if( KEY_ReadState(KEY3) == KEY_PRESS )
 228   3                              {
 229   4                                      fan_down();
 230   4                                      send_to_slave();
 231   4                              }
 232   3                              if( KEY_ReadState(KEY5) == KEY_PRESS )
 233   3                              {
 234   4                                      lcd_info.sync_flag = 1 - lcd_info.sync_flag;
 235   4                                      sync_dis(lcd_info.sync_flag);
 236   4                                      send_to_slave();
 237   4                              }
 238   3                      }
C51 COMPILER V9.60.7.0   TOUCH                                                             05/09/2025 01:35:28 PAGE 5   

 239   2                      if( KEY_ReadState(KEY6) == KEY_NOPRESS )//释放按键2、3
 240   2                      {
 241   3                              key_val.key2_scan_allow = 1;
 242   3                              key_val.key3_scan_allow = 1;
 243   3                              key_val.key5_scan_allow = 1;
 244   3                      }
 245   2                      //key_val.key_sacn_flag = 0;
 246   2              }       
 247   1      }
 248          
 249          
 250          void channel_choose( void )
 251          {
 252   1          if(lcd_info.channel_num == 7)
 253   1          {
 254   2              lcd_info.channel_num = 1;
 255   2          }
 256   1          else
 257   1          {
 258   2              lcd_info.channel_num += 1;
 259   2          }
 260   1          channel_dis(lcd_info.channel_num);
 261   1      }
 262          
 263          void up_key( void )
 264          {
 265   1          if( lcd_info.power_level < 100 )
 266   1          {
 267   2              lcd_info.power_level += 5;
 268   2          }
 269   1      
 270   1          num_dis(lcd_info.power_level);
 271   1      }
 272          
 273          void down_key( void )
 274          {
 275   1      
 276   1          if( lcd_info.power_level > 0)
 277   1          {
 278   2              lcd_info.power_level -= 5;
 279   2          }
 280   1      
 281   1          num_dis(lcd_info.power_level);
 282   1      }
 283          
 284          void fan_up( void )
 285          {
 286   1          if( lcd_info.fan_level < 6 )
 287   1          {
 288   2              lcd_info.fan_level++;
 289   2          }
 290   1      
 291   1          wind_dis(lcd_info.fan_level);
 292   1      }
 293          
 294          void fan_down( void )
 295          {
 296   1          if( lcd_info.fan_level > 0 )
 297   1          {
 298   2              lcd_info.fan_level--;
 299   2          }
 300   1      
C51 COMPILER V9.60.7.0   TOUCH                                                             05/09/2025 01:35:28 PAGE 6   

 301   1          wind_dis(lcd_info.fan_level);
 302   1      }
 303          
 304          
 305          void mode_choose( void )
 306          {
 307   1      
 308   1          if(lcd_info.mode_num < 6)
 309   1          {
 310   2              lcd_info.mode_num++;
 311   2                      if( lcd_info.mode_num == 6 )
 312   2                      {
 313   3                              lcd_info.mode_num = 1;
 314   3                      }
 315   2          }
 316   1          
 317   1          screen_clear();                //一次清屏
 318   1      
 319   1          mode_dis(DIS_ON);       
 320   1          num_dis(lcd_info.mode_num);           //显示模式序号和标志
 321   1               
 322   1          delay_ms(500);
 323   1          
 324   1          screen_clear();                 //二次清屏
 325   1          
 326   1          mode_dis(DIS_OFF);
 327   1      
 328   1          sync_dis(lcd_info.sync_flag);
 329   1          num_dis(lcd_info.power_level);
 330   1          channel_dis(3);
 331   1          percentage_dis(DIS_ON);
 332   1          wind_dis(lcd_info.fan_level);         
 333   1      }


MODULE INFORMATION:   STATIC OVERLAYABLE
   CODE SIZE        =   1351    ----
   CONSTANT SIZE    =   ----    ----
   XDATA SIZE       =     69       3
   PDATA SIZE       =   ----    ----
   DATA SIZE        =   ----    ----
   IDATA SIZE       =   ----    ----
   BIT SIZE         =      1    ----
   EDATA SIZE       =   ----    ----
   HDATA SIZE       =   ----    ----
   XDATA CONST SIZE =   ----    ----
   FAR CONST SIZE   =   ----    ----
END OF MODULE INFORMATION.


C51 COMPILATION COMPLETE.  0 WARNING(S),  0 ERROR(S)
