C51 COMPILER V9.60.7.0   EEPROM_CRL                                                        05/09/2025 01:26:23 PAGE 1   


C51 COMPILER V9.60.7.0, COMPILATION OF MODULE EEPROM_CRL
OBJECT MODULE PLACED IN ..\Output\eeprom_crl.obj
COMPILER INVOKED BY: D:\APP\Keil_STM32\C51\BIN\C51.EXE ..\BSP\Src\eeprom_crl.c LARGE OPTIMIZE(8,SPEED) BROWSE INCDIR(..\
                    -BSP\Inc;..\Core\Inc;..\Driver;..\Emembed\Inc;..\SYSTEM\Inc) DEBUG OBJECTEXTEND PRINT(.\Listings\eeprom_crl.lst) OBJECT(.
                    -.\Output\eeprom_crl.obj)

line level    source

   1          #include "eeprom_crl.h"
   2          
   3          uint8_t mode_info[5];
   4          
   5          /**
   6           * @brief       eeprom状态判定，是否写入过
   7           *
   8           * @param   
   9           *
  10           * @return  void
  11          **/
  12          void eeprom_statu_judge( void )
  13          {
  14   1          uint8_t eeprom_statu_flag;
  15   1          uint8_t i,j;
  16   1          uint8_t addr;
  17   1      
  18   1          eeprom_statu_flag = ISP_Read(EEPROM_STATU_JUDGE);
  19   1      
  20   1          if( eeprom_statu_flag == 0xFF)
  21   1          {
  22   2              ac_dc.channel_num       = 0x07;          // 0000 0111  三路全开
  23   2              ac_dc.sync_flag         = 0x00;          // 0000 0001  sync默认关
  24   2              ac_dc.fan_level         = 0x03;          // 3  风扇默认三档
  25   2              ac_dc.power_level       = 0x32;          // 50         220V输出50%功率
  26   2              ac_dc.alarm_temp_val    = 0x50;          // 报警温度默认80℃
  27   2      
  28   2              mode_info[0] = ac_dc.channel_num;
  29   2              mode_info[1] = ac_dc.sync_flag;
  30   2              mode_info[2] = ac_dc.fan_level;
  31   2              mode_info[3] = ac_dc.power_level;
  32   2              mode_info[4] = ac_dc.alarm_temp_val;
  33   2      
  34   2              for( j = 0; j < 5; j++)
  35   2              {
  36   3                  addr = ((j + 1) * 2) << 8;
  37   3                  for( i = 0; i < 5; i++)
  38   3                  {
  39   4                      ISP_Earse(addr);
  40   4                      ISP_Write(addr,mode_info[i]);
  41   4                      addr++;
  42   4                  }
  43   3              }
  44   2              ac_dc.mode_num = 1;
  45   2              eeprom_mode_record();
  46   2          }else
  47   1          {
  48   2              eeprom_data_init(); 
  49   2          }
  50   1      }
  51          
  52          void eeprom_mode_record( void )
  53          {
C51 COMPILER V9.60.7.0   EEPROM_CRL                                                        05/09/2025 01:26:23 PAGE 2   

  54   1          ISP_Earse(MODE_ADDR);
  55   1          ISP_Write(MODE_ADDR,ac_dc.mode_num);
  56   1          ISP_Write(EEPROM_STATU_JUDGE,0x58);
  57   1      }
  58          
  59          /**
  60           * @brief       eeprom 数据写入
  61           *
  62           * @param   
  63           *
  64           * @return  void
  65          **/
  66          void eeprom_data_record( void )
  67          {
  68   1          uint8_t i;
  69   1          uint16_t addr;
  70   1      
  71   1          mode_info[0] = ac_dc.channel_num;
  72   1          mode_info[1] = ac_dc.sync_flag;
  73   1          mode_info[2] = ac_dc.fan_level;
  74   1          mode_info[3] = ac_dc.power_level;
  75   1          mode_info[4] = ac_dc.alarm_temp_val;
  76   1      
  77   1          addr = (ac_dc.mode_num * 2) << 8;
  78   1          ISP_Earse(addr);
  79   1      
  80   1          for( i = 0; i < 5; i++)
  81   1          {
  82   2              ISP_Write(addr,mode_info[i]);
  83   2              addr++;
  84   2          }
  85   1      }
  86          
  87          /**
  88           * @brief       eeprom 数据初始化
  89           *
  90           * @param   
  91           *
  92           * @return  void
  93          **/
  94          void eeprom_data_init( void )
  95          {
  96   1          uint8_t i;
  97   1          uint16_t addr;
  98   1      
  99   1          ac_dc.mode_num = ISP_Read(MODE_ADDR);
 100   1      
 101   1          addr = (ac_dc.mode_num * 2) << 8;
 102   1          for( i = 0; i < 5; i++)
 103   1          {
 104   2              ISP_Write(addr,mode_info[i]);
 105   2              addr++;
 106   2          }
 107   1          ac_dc.channel_num = mode_info[0];
 108   1          ac_dc.sync_flag   = mode_info[1];
 109   1          ac_dc.fan_level   = mode_info[2];
 110   1          ac_dc.power_level = mode_info[3];
 111   1          ac_dc.alarm_temp_val    = mode_info[4];
 112   1      }


MODULE INFORMATION:   STATIC OVERLAYABLE
C51 COMPILER V9.60.7.0   EEPROM_CRL                                                        05/09/2025 01:26:23 PAGE 3   

   CODE SIZE        =    438    ----
   CONSTANT SIZE    =   ----    ----
   XDATA SIZE       =      5       9
   PDATA SIZE       =   ----    ----
   DATA SIZE        =   ----    ----
   IDATA SIZE       =   ----    ----
   BIT SIZE         =   ----    ----
END OF MODULE INFORMATION.


C51 COMPILATION COMPLETE.  0 WARNING(S),  0 ERROR(S)
