C51 COMPILER V9.60.7.0   MAIN                                                              05/23/2025 16:57:00 PAGE 1   


C51 COMPILER V9.60.7.0, COMPILATION OF MODULE MAIN
OBJECT MODULE PLACED IN ..\Output\main.obj
COMPILER INVOKED BY: D:\APP\Keil_v5\C51\BIN\C51.EXE ..\Core\Src\main.c LARGE OPTIMIZE(8,SPEED) BROWSE INCDIR(..\BSP\Inc;
                    -..\Core\Inc;..\Driver;..\Emembed\Inc;..\SYSTEM\Inc) DEBUG OBJECTEXTEND PRINT(.\Listings\main.lst) OBJECT(..\Output\main.
                    -obj)

line level    source

   1          #include "main.h"
   2          
   3          void main( void )
   4          {
   5   1          P_SW2 |= 0x80;
   6   1          
   7   1          GPIO_Init();
   8   1      
   9   1          /*  调试使用 printf  */
  10   1          Uart1_Init();
  11   1          
  12   1          /*  温度控制  */
  13   1          ADC_Init();
  14   1      
  15   1          /*  485控制  */
  16   1          Uart4_Init();               //串口4用作485
  17   1          Uart4_Send_Statu_Init();    //接收发送初始化
  18   1          Timer0_Init();              //不定长数据接收
  19   1      
  20   1          /*  PWM控制  */
  21   1          PWM_Init();
  22   1      
  23   1          /*  3路220输出控制  */
  24   1          Power_Statu_Init();
  25   1          INT0_Init();
  26   1          Timer1_Init();
  27   1      
  28   1          /*  定时事件  */
  29   1          Timer3_Init();
  30   1      
  31   1          EA = 1;     //中断总开关
  32   1      
  33   1          eeprom_statu_judge();       //EEPROM初始化
  34   1          PWMB_BKR = 0x00; 
  35   1          EX0 = 0;
  36   1          FAN_TMEP = 0;
  37   1          while ( ac_dc.connect_flag == 0 )
  38   1          {
  39   2              Modbus_Event();
  40   2          }
  41   1          
  42   1          printf("========== code start ========== \r\n");
  43   1      
  44   1          while (1)
  45   1          {
  46   2              if( ac_dc.all_ctrl_flag == 1 )
  47   2              {
  48   3                  if( ac_dc.connect_flag == 1)
  49   3                  {  
  50   4                      sync_ctrl();
  51   4                  }
  52   3                  if( ac_dc.connect_flag == 0)
  53   3                  {
C51 COMPILER V9.60.7.0   MAIN                                                              05/23/2025 16:57:00 PAGE 2   

  54   4                      PWMB_BKR = 0x00; 
  55   4                      EX0 = 0;
  56   4                  }
  57   3                  Modbus_Event();
  58   3                  temp_scan();
  59   3              }
  60   2      
  61   2              if( ac_dc.all_ctrl_flag == 0)
  62   2              {
  63   3                  ac_dc.buzzer_call_flag2 = 1;
  64   3                  ac_dc.buzzer_call_flag1 = 0;
  65   3              }else
  66   2              {
  67   3                  ac_dc.buzzer_call_flag2 = 0;
  68   3                  if( ac_dc.alarm_flag == 1 )
  69   3                  {
  70   4                      ac_dc.buzzer_call_flag1 = 1;
  71   4                  }else
  72   3                  {
  73   4                      ac_dc.buzzer_call_flag1 = 0;
  74   4                      Buzzer = 1;
  75   4                  }
  76   3              }
  77   2          }  
  78   1      }


MODULE INFORMATION:   STATIC OVERLAYABLE
   CODE SIZE        =    152    ----
   CONSTANT SIZE    =     36    ----
   XDATA SIZE       =   ----    ----
   PDATA SIZE       =   ----    ----
   DATA SIZE        =   ----    ----
   IDATA SIZE       =   ----    ----
   BIT SIZE         =   ----    ----
END OF MODULE INFORMATION.


C51 COMPILATION COMPLETE.  0 WARNING(S),  0 ERROR(S)
