C51 COMPILER V9.60.7.0   MODBUS_RTU                                                        05/09/2025 17:22:41 PAGE 1   


C51 COMPILER V9.60.7.0, COMPILATION OF MODULE MODBUS_RTU
OBJECT MODULE PLACED IN ..\Output\modbus_rtu.obj
COMPILER INVOKED BY: D:\APP\Keil_v5\C51\BIN\C51.EXE ..\Emembed\Src\modbus_rtu.c LARGE OPTIMIZE(8,SPEED) BROWSE INCDIR(..
                    -\BSP\Inc;..\Core\Inc;..\Driver;..\Emembed\Inc;..\SYSTEM\Inc) DEBUG OBJECTEXTEND PRINT(.\Listings\modbus_rtu.lst) OBJECT(
                    -..\Output\modbus_rtu.obj)

line level    source

   1          #include "modbus_rtu.h"
   2          
   3          MODBIS_INFO modbus;
   4          
   5          /**
   6           * @brief       modbus_rtu  无奇偶校验
   7           *
   8           * @param   void
   9           *
  10           * @return  void 
  11          **/
  12          void Modbus_Event( void )
  13          {
  14   1          uint16_t crc,rccrc;
  15   1          
  16   1          /*1.接收完毕                                           */
  17   1          if( rs485.RX4_rev_end_Flag == 1 )
  18   1          {
  19   2              /*2.清空接收完毕标志位                              */    
  20   2              rs485.RX4_rev_end_Flag = 0;
  21   2      
  22   2              /*3.CRC校验                                         */
  23   2              crc = MODBUS_CRC16(rs485.RX4_buf, rs485.RX4_rev_cnt-2);
  24   2              rccrc = (rs485.RX4_buf[rs485.RX4_rev_cnt-1]) | (rs485.RX4_buf[rs485.RX4_rev_cnt-2]<<8);
  25   2      
  26   2              /*4.清空接收计数                                    */
  27   2              rs485.RX4_rev_cnt = 0; 
  28   2      
  29   2              /*5.CRC校验通过，进行地址域校验                      */
  30   2              if( crc == rccrc )
  31   2              {
  32   3                  /*6.地址域校验通过，进入相应功能函数进行处理      */
  33   3                  if( rs485.RX4_buf[0] == MY_ADDR )
  34   3                  {
  35   4                      switch ( rs485.RX4_buf[1] )
  36   4                      {
  37   5                          case 0x03:
  38   5                              Modbus_Fun3();
  39   5                              break;
  40   5      
  41   5                          case 0x04:
  42   5                              Modbus_Fun4();
  43   5                              break;
  44   5      
  45   5                          case 0x06:
  46   5                              Modbus_Fun6();
  47   5                              break;  
  48   5      
  49   5                          case 0x10:  
  50   5                              Modbus_Fun16();
  51   5      
  52   5                          default:
  53   5                              break;
C51 COMPILER V9.60.7.0   MODBUS_RTU                                                        05/09/2025 17:22:41 PAGE 2   

  54   5                      }
  55   4                  }
  56   3              }
  57   2          }
  58   1      }
  59          
  60          
  61          /**
  62           * @brief       读输入寄存器  03
  63           *
  64           * @param   void
  65           *
  66           * @return  void 
  67          **/
  68          void Modbus_Fun3( void )
  69          {
  70   1          uint16_t i;
  71   1          
  72   1          modbus.send_value_addr  = 3;                //DATA1 H 位置
  73   1          modbus.byte_cnt   = (rs485.RX4_buf[4]<<8 | rs485.RX4_buf[5]) *2;
  74   1          modbus.start_addr = rs485.RX4_buf[2]<<8 | rs485.RX4_buf[3];
  75   1      
  76   1          rs485.TX4_buf[0]  = MY_ADDR;                //Addr
  77   1          rs485.TX4_buf[1]  = 0x03;                   //Fun
  78   1          rs485.TX4_buf[2]  = modbus.byte_cnt;        //Byte Count
  79   1      
  80   1          for( i = modbus.start_addr; i < modbus.start_addr + modbus.byte_cnt/2; i++ )
  81   1          {
  82   2              /*    每次循环前初始化byte_info                       */
  83   2              modbus.byte_info_H = modbus.byte_info_L = 0X00;
  84   2              switch (i)
  85   2              {   
  86   3                  /*  40001 通道查询                     */
  87   3                  case 0x00:
  88   3      
  89   3                      modbus.byte_info_H = 0;
  90   3                      modbus.byte_info_L = ac_dc.channel_num;
  91   3      
  92   3                      break;
  93   3      
  94   3                  /*  40002 同步状态查询                     */    
  95   3                  case 0x01:
  96   3                      modbus.byte_info_H = 0;
  97   3                      modbus.byte_info_L = ac_dc.sync_flag;
  98   3                      break;
  99   3      
 100   3                  /*  40003 风速查询                         */
 101   3                  case 0x02:    
 102   3                      modbus.byte_info_H = 0;
 103   3                      modbus.byte_info_L = ac_dc.fan_level;
 104   3      
 105   3                      break;
 106   3      
 107   3                  /*  40004 功率查询              */
 108   3                  case 0x03:    
 109   3                      modbus.byte_info_H = 0;
 110   3                      modbus.byte_info_L = ac_dc.power_level;
 111   3      
 112   3                      break;
 113   3      
 114   3                  /*  40005 工作模式查询                     */
 115   3                  case 0x04:   
C51 COMPILER V9.60.7.0   MODBUS_RTU                                                        05/09/2025 17:22:41 PAGE 3   

 116   3                      modbus.byte_info_H = 0;
 117   3                      modbus.byte_info_L = ac_dc.alarm_temp_val;
 118   3      
 119   3                      break;
 120   3      
 121   3                  /*  40006 报警温度查询                     */
 122   3                  case 0x05:   
 123   3                      modbus.byte_info_H = 0;
 124   3                      modbus.byte_info_L = ac_dc.mode_num;
 125   3      
 126   3                      break;
 127   3      
 128   3                  default:
 129   3                      break;
 130   3              }
 131   2              rs485.TX4_buf[modbus.send_value_addr++] = modbus.byte_info_H;
 132   2              rs485.TX4_buf[modbus.send_value_addr++] = modbus.byte_info_L;
 133   2          }
 134   1          slave_to_master(0x03,3 + modbus.byte_cnt);
 135   1      }
 136          
 137          /**
 138           * @brief       读输出寄存器  04
 139           *
 140           * @param   void
 141           *
 142           * @return  void 
 143          **/
 144          void Modbus_Fun4( void )
 145          {
 146   1          uint16_t i;
 147   1      
 148   1          modbus.send_value_addr  = 3;                 //DATA1 H 位置
 149   1          modbus.byte_cnt   = (rs485.RX4_buf[4]<<8 | rs485.RX4_buf[5]) *2;
 150   1          modbus.start_addr = rs485.RX4_buf[2]<<8 | rs485.RX4_buf[3];
 151   1      
 152   1          rs485.TX4_buf[0]  = MY_ADDR;                //Addr
 153   1          rs485.TX4_buf[1]  = 0x04;                   //Fun
 154   1          rs485.TX4_buf[2]  = modbus.byte_cnt;        //Byte Count
 155   1      
 156   1          for( i = modbus.start_addr; i < modbus.start_addr + modbus.byte_cnt/2; i++ )
 157   1          {
 158   2              /*    每次循环前初始化byte_info                       */
 159   2              modbus.byte_info_H = modbus.byte_info_L = 0X00;
 160   2              switch (i)
 161   2              {
 162   3                  case 0:
 163   3                      modbus.byte_info_H = 0x00;
 164   3                      modbus.byte_info_L = ac_dc.signal_in_flag;
 165   3      
 166   3                      break;
 167   3      
 168   3                  default:
 169   3                      break;
 170   3              }
 171   2              rs485.TX4_buf[modbus.send_value_addr++] = modbus.byte_info_H;
 172   2              rs485.TX4_buf[modbus.send_value_addr++] = modbus.byte_info_L;
 173   2          }
 174   1          slave_to_master(0x04,3 + modbus.byte_cnt);
 175   1      }
 176          
 177          /**
C51 COMPILER V9.60.7.0   MODBUS_RTU                                                        05/09/2025 17:22:41 PAGE 4   

 178           * @brief       写单个输出寄存器  06
 179           *
 180           * @param   void
 181           *
 182           * @return  void 
 183          **/
 184          void Modbus_Fun6( void )
 185          {
 186   1          switch (rs485.RX4_buf[3])
 187   1          {
 188   2              /*  40001  风速设置                 */
 189   2              case 0x00:                  
 190   2                  
 191   2      
 192   2                  break;
 193   2      
 194   2              /*  40002  LED 开关状态设置                          */
 195   2              case 0x01:                                         
 196   2      
 197   2      
 198   2      
 199   2                  break;
 200   2      
 201   2              /*  40003 三路220V输出使能设置                          */
 202   2              case 0x02:                                         
 203   2      
 204   2                  break;  
 205   2                  
 206   2              /*  40004  同步状态设置                   */
 207   2              case 0x03:                                         
 208   2      
 209   2      
 210   2                  break;
 211   2      
 212   2              /*  40005  工作模式设置                   */
 213   2              case 0x04:                                         
 214   2      
 215   2      
 216   2                  break;
 217   2      
 218   2              /*  40006  报警温度设置                   */
 219   2              case 0x05:                                         
 220   2                  ac_dc.mode_num = rs485.RX4_buf[5];
 221   2                  eeprom_mode_record();
 222   2                  eeprom_data_init();
 223   2                  break;
 224   2      
 225   2              default:
 226   2                  break;   
 227   2          }
 228   1          slave_to_master(0x06,8);
 229   1      }
 230          
 231          /**
 232           * @brief       写多个输出寄存器  16
 233           *
 234           * @param   void
 235           *
 236           * @return  void 
 237          **/
 238          void Modbus_Fun16( void )
 239          {
C51 COMPILER V9.60.7.0   MODBUS_RTU                                                        05/09/2025 17:22:41 PAGE 5   

 240   1          uint16_t i;
 241   1      
 242   1          modbus.rcv_value_addr = 7;                  //DATA1 H位置
 243   1          modbus.byte_cnt   = rs485.RX4_buf[6];
 244   1          modbus.start_addr = rs485.RX4_buf[2]<<8 | rs485.RX4_buf[3];
 245   1      
 246   1          
 247   1          for( i = modbus.start_addr; i < (modbus.start_addr + modbus.byte_cnt/2); i++)
 248   1          {
 249   2              modbus.byte_info_H = rs485.RX4_buf[modbus.rcv_value_addr];
 250   2              modbus.byte_info_L = rs485.RX4_buf[modbus.rcv_value_addr + 1];
 251   2              switch (i)
 252   2              {
 253   3                  /*  40001  通道设置                 */
 254   3                  case 0x00:
 255   3                      ac_dc.channel_num = modbus.byte_info_L;
 256   3                      channel_close();
 257   3      
 258   3                      break;
 259   3                  
 260   3                  /*  40002   同步状态设置                          */
 261   3                  case 0x01:
 262   3                      ac_dc.sync_flag = modbus.byte_info_L;
 263   3                      sync_ctrl(); 
 264   3      
 265   3                      break;
 266   3      
 267   3                  /*  40003 风速设置                          */
 268   3                  case 0x02:
 269   3                      ac_dc.fan_level = modbus.byte_info_L;
 270   3                      fan_ctrl(ac_dc.fan_level);
 271   3      
 272   3                      break;
 273   3      
 274   3                  
 275   3                  /*  40004  功率设置                   */
 276   3                  case 0x03:
 277   3                      ac_dc.power_level = modbus.byte_info_L;
 278   3                      ac_220v_crl(ac_dc.power_level);
 279   3      
 280   3                      break;
 281   3      
 282   3                  /*  40005  报警温度设置                   */
 283   3                  case 0x04:                                         
 284   3                      ac_dc.alarm_temp_val = modbus.byte_info_L;
 285   3      
 286   3                      break;
 287   3      
 288   3                  /*  40006  模式设置                   */
 289   3                  case 0x05:                                         
 290   3                      ac_dc.mode_num = modbus.byte_info_L;
 291   3                      Buzzer = 0;
 292   3                      delay_ms(20);
 293   3                      Buzzer = 1;
 294   3                      eeprom_mode_record();
 295   3                      
 296   3                      break;
 297   3                      
 298   3                  default:
 299   3                      break;
 300   3              }
 301   2              modbus.rcv_value_addr += 2;         //从Value1_H →→ 从Value2_H
C51 COMPILER V9.60.7.0   MODBUS_RTU                                                        05/09/2025 17:22:41 PAGE 6   

 302   2          }
 303   1      
 304   1          slave_to_master(0x10,8);
 305   1      
 306   1          eeprom_data_record();                      //记录更改后的值
 307   1      }
 308          
 309          
 310          /**
 311           * @brief       从机回复主机
 312           *  
 313           * @param   code_num:功能码       
 314           * @param   length:数据长度        
 315           * 
 316            @return  crc16:crc校验的值 2byte
 317           */
 318          void slave_to_master(uint8_t code_num,uint8_t length)
 319          {
 320   1          uint16_t crc;
 321   1      
 322   1          switch (code_num)
 323   1          {
 324   2              case 0x03:
 325   2                  crc = MODBUS_CRC16(rs485.TX4_buf,length);
 326   2      
 327   2                  rs485.TX4_buf[length+1] = crc;                 //CRC H
 328   2                  rs485.TX4_buf[length] = crc>>8;            //CRC L
 329   2      
 330   2                  rs485.TX4_send_bytelength = length + 2;
 331   2                  
 332   2                  break;
 333   2              case 0x04:
 334   2                  crc = MODBUS_CRC16(rs485.TX4_buf,length);
 335   2      
 336   2                  rs485.TX4_buf[length+1] = crc;                 //CRC H
 337   2                  rs485.TX4_buf[length] = crc>>8;            //CRC L
 338   2      
 339   2                  rs485.TX4_send_bytelength = length + 2;
 340   2                  
 341   2                  break;    
 342   2      
 343   2              case 0x06:
 344   2                  memcpy(rs485.TX4_buf,rs485.RX4_buf,8);
 345   2      
 346   2                  rs485.TX4_send_bytelength = length;
 347   2                  
 348   2                  break;   
 349   2      
 350   2              case 0x10:
 351   2                  memcpy(rs485.TX4_buf,rs485.RX4_buf,6);
 352   2              
 353   2                  crc = MODBUS_CRC16(rs485.TX4_buf,6);
 354   2      
 355   2                  rs485.TX4_buf[7] = crc;                 //CRC H
 356   2                  rs485.TX4_buf[6] = crc>>8;              //CRC L
 357   2              
 358   2                  rs485.TX4_send_bytelength = length;
 359   2                  
 360   2                  break;         
 361   2      
 362   2              default:
 363   2                  break;
C51 COMPILER V9.60.7.0   MODBUS_RTU                                                        05/09/2025 17:22:41 PAGE 7   

 364   2          }
 365   1      
 366   1          DR_485 = 1;                                 //485可以发送
 367   1          delay_ms(2);
 368   1          S4CON |= S4TI;                              //开始发送
 369   1          delay_ms(1);
 370   1      }
 371          
 372          
 373          /**
 374           * @brief       crc校验函数
 375           * 
 376           * @param   buf：  Address(1 byte) +Funtion(1 byte) ）+Data(n byte)   
 377           * @param   length:数据长度           
 378           * 
 379            @return  crc16:crc校验的值 2byte
 380           */
 381          uint16_t MODBUS_CRC16(uint8_t *buf, uint8_t length)
 382          {
 383   1              uint8_t i;
 384   1              uint16_t        crc16;
 385   1      
 386   1          /* 1, 预置16位CRC寄存器为0xffff（即全为1）                          */
 387   1              crc16 = 0xffff; 
 388   1      
 389   1              do
 390   1              {
 391   2              /* 2, 把8位数据与16位CRC寄存器的低位相异或，把结果放于CRC寄存器     */    
             -    
 392   2                      crc16 ^= (uint16_t)*buf;                //
 393   2                      for(i=0; i<8; i++)              
 394   2                      {
 395   3                  /* 3, 如果最低位为1，把CRC寄存器的内容右移一位(朝低位)，用0填补最高
             -位 再异或0xA001    */
 396   3                              if(crc16 & 1)
 397   3                  {
 398   4                      crc16 = (crc16 >> 1) ^ 0xA001;
 399   4                  }
 400   3                  /* 4, 如果最低位为0，把CRC寄存器的内容右移一位(朝低位)，用0填补最高
             -位                */
 401   3                  else
 402   3                  {
 403   4                      crc16 >>= 1;
 404   4                  }           
 405   3                      }
 406   2                      buf++;
 407   2              }while(--length != 0);
 408   1      
 409   1              return  (crc16);
 410   1      }


MODULE INFORMATION:   STATIC OVERLAYABLE
   CODE SIZE        =   1116    ----
   CONSTANT SIZE    =   ----    ----
   XDATA SIZE       =      7       8
   PDATA SIZE       =   ----    ----
   DATA SIZE        =   ----    ----
   IDATA SIZE       =   ----    ----
   BIT SIZE         =   ----    ----
END OF MODULE INFORMATION.


C51 COMPILATION COMPLETE.  0 WARNING(S),  0 ERROR(S)
