C51 COMPILER V9.60.7.0   POWER_CRL                                                         05/23/2025 16:57:01 PAGE 1   


C51 COMPILER V9.60.7.0, COMPILATION OF MODULE POWER_CRL
OBJECT MODULE PLACED IN ..\Output\power_crl.obj
COMPILER INVOKED BY: D:\APP\Keil_v5\C51\BIN\C51.EXE ..\BSP\Src\power_crl.c LARGE OPTIMIZE(8,SPEED) BROWSE INCDIR(..\BSP\
                    -Inc;..\Core\Inc;..\Driver;..\Emembed\Inc;..\SYSTEM\Inc) DEBUG OBJECTEXTEND PRINT(.\Listings\power_crl.lst) OBJECT(..\Out
                    -put\power_crl.obj)

line level    source

   1          #include "power_crl.h"
   2          
   3          AC_DC ac_dc;
   4          /**
   5           * @brief       ç§»ç›¸è§¦å‘è°ƒç”¨ç»“æž„ä½“åˆå§‹åŒ–
   6           *
   7           * @param   
   8           *
   9           * @return  void
  10          **/
  11          void Power_Statu_Init( void )
  12          {
  13   1          ac_dc.zero_flag  = 0;
  14   1          temp.temp_scan_flag = 0;
  15   1          AC_Out1 = AC_Out2 = AC_Out3 = 1;
  16   1          ac_dc.connect_flag = 0;
  17   1          ac_dc.alarm_flag = 0;
  18   1          ac_dc.all_ctrl_flag = 1;
  19   1          ac_dc.buzzer_call_flag1 = 0;
  20   1          ac_dc.buzzer_call_flag2 = 0;
  21   1          ac_dc.fan_delay_flag = 0;
  22   1          ac_dc.mode_set_flag = 0;
  23   1      }
  24          
  25          /**
  26           * @brief       å¤–éƒ¨ä¸­æ–­0ä¸­æ–­å¤„ç†å‡½æ•°
  27           *
  28           * @param   
  29           *
  30           * @return  void
  31          **/
  32          void INT0_ISR( void ) interrupt 0
  33          {
  34   1          /* 1, æ£€æµ‹åˆ°å¤–éƒ¨ä¸­æ–­åŽï¼Œç­‰å¾…THL\TLIåŽè§¦å‘TIM1ä¸­æ–­       */
  35   1          TL1 = ac_dc.time_delay;                             
  36   1              TH1 = ac_dc.time_delay >> 8;                            
  37   1      
  38   1          ac_dc.zero_flag = 1;
  39   1      
  40   1          /* 2, å®šæ—¶å™¨1å¼€å§‹è®¡æ—¶ï¼Œæ‰“å¼€TIM1ä¸­æ–­                     */
  41   1          TR1 = 1;                                 
  42   1          ET1 = 1; 
  43   1      }
  44          
  45          /**
  46           * @brief       Timer1ä¸­æ–­å¤„ç†å‡½æ•°
  47           *
  48           * @param   
  49           *
  50           * @return  void
  51          **/
  52          void Tim1_ISR( void ) interrupt 3   //10ms
  53          {
C51 COMPILER V9.60.7.0   POWER_CRL                                                         05/23/2025 16:57:01 PAGE 2   

  54   1          /* 1, ä¸­æ–­è§¦å‘åŽï¼Œpower_chç”µå¹³ ç”±é«˜ç”µå¹³å˜ä¸ºä½Žç”µå¹³           */
  55   1          if( ac_dc.zero_flag == 1 )
  56   1          {
  57   2              ac_dc.zero_flag = 0;
  58   2      
  59   2               /* 2, æ¸©åº¦å…è®¸ï¼Œä½¿èƒ½ä¸º1æ—¶å¯å¼€å¯è¾“å‡º          */
  60   2              AC_Out1 = 1 - ac_dc.ac_out1_flag;
  61   2              AC_Out2 = 1 - ac_dc.ac_out2_flag;
  62   2              AC_Out3 = 1 - ac_dc.ac_out3_flag;
  63   2      
  64   2               /* 3, è®¾ç½®ä¸‹ä¸€æ¬¡Timer1ä¸­æ–­è§¦å‘æ‰€éœ€æ—¶é—´ï¼Œå³è„‰å†²æ—¶é—´       */
  65   2              TL1 = 0xF7;                             
  66   2              TH1 = 0xFF;                             
  67   2          }else
  68   1          {
  69   2              /* 2, ä¸‹ä¸€æ¬¡è¿›å…¥Timer1ä¸­æ–­ï¼Œpower_chç”µå¹³ ç”±ä½Žç”µå¹³å˜ä¸ºé«˜ç”µå¹³ï¼Œå®Œæˆä¸€æ¬¡10usè
             -„‰å†²ï¼Œå³æ–©æ³¢*/
  70   2              AC_Out1 = AC_Out2 = AC_Out3 = 1;
  71   2      
  72   2              /* 3, å®šæ—¶å™¨1åœæ­¢è®¡æ—¶ï¼Œå…³é—­TIM1ä¸­æ–­ï¼Œç­‰å¾…ä¸‹ä¸€æ¬¡å¤–éƒ¨ä¸­æ–­     */
  73   2              TR1 = 0;                                    
  74   2              ET1 = 0; 
  75   2          }
  76   1      }
  77          
  78          /**
  79           * @brief       220Vè¾“å‡ºåŠŸçŽ‡æŽ§åˆ¶å‡½æ•° 
  80           *
  81           * @param   power_levelï¼šè¾“å‡ºåŠŸçŽ‡ç™¾åˆ†æ¯”  0%~100%
  82           *
  83           * @return  void
  84          **/
  85          void ac_220v_crl( uint8_t power_level )
  86          {
  87   1          ac_dc.time_delay = 58000 + 74*power_level;
  88   1      }
  89          
  90          
  91          /**
  92           * @brief       24V PWMé£Žæ‰‡æ¡£ä½æŽ§åˆ¶å‡½æ•°
  93           *
  94           * @param   level :é£Žæ‰‡æ¡£ä½ 0~6æ¡£
  95           *
  96           * @return  void
  97          **/
  98          void fan_ctrl( uint8_t level )
  99          {
 100   1          PWMB_CCR7 = level * 184;
 101   1          PWMB_CCR8 = level * 184;
 102   1      }
 103          
 104          /**
 105           * @brief       åŒæ­¥æŽ§åˆ¶å‡½æ•°ï¼šæ— å¤–éƒ¨ä¿¡å·æ—¶ PWMé£Žæ‰‡å’Œ220Vè¾“å‡ºå…³é—­
 106           *
 107           * @param   
 108           *
 109           * @return  void
 110          **/
 111          void sync_ctrl( void )
 112          {
 113   1          if( ac_dc.sync_flag == 1 )
 114   1          {
C51 COMPILER V9.60.7.0   POWER_CRL                                                         05/23/2025 16:57:01 PAGE 3   

 115   2              extern_24_listen();
 116   2              if( ac_dc.signal_in_flag == 1 )
 117   2              {
 118   3                  EX0 = 1;            //å¤–éƒ¨ä¸­æ–­æŽ§åˆ¶
 119   3                  PWMB_BKR = 0x80;    //PWMæŽ§åˆ¶
 120   3                  ac_dc.fan_delay_flag = 0;
 121   3              }else
 122   2              {   
 123   3                  EX0 = 0;
 124   3              }
 125   2          }else
 126   1          {
 127   2              EX0 = 1;            //å¤–éƒ¨ä¸­æ–­æŽ§åˆ¶
 128   2              PWMB_BKR = 0x80;    //PWMæŽ§åˆ¶
 129   2              ac_dc.fan_delay_flag = 0;
 130   2          }
 131   1      }
 132          
 133          /**
 134           * @brief æ¸©åº¦æ‰«æï¼ŒDHT11æ¸©æ¹¿åº¦æ‰«æ 1s/æ¬¡ æŽ§åˆ¶220Vè¾“å‡ºä½¿èƒ½
 135           *
 136           * @param[in] 
 137           * 
 138           * @return  
 139           * 
 140          **/
 141          void temp_scan( void )
 142          {
 143   1          if( temp.temp_scan_flag == 1)
 144   1          {
 145   2              temp.temp_value1 =  get_temp(NTC);
 146   2      
 147   2              if( temp.temp_value1 >= 45 )
 148   2              {
 149   3                  FAN_TMEP = 1;
 150   3              }
 151   2              if( temp.temp_value1 <= 35 )
 152   2              {
 153   3                  FAN_TMEP = 0;
 154   3              }
 155   2              if( temp.temp_value1 >= ac_dc.alarm_temp_val )
 156   2              {
 157   3                  ac_dc.alarm_flag = 1;
 158   3              }else
 159   2              {
 160   3                  ac_dc.alarm_flag = 0;
 161   3              }
 162   2              if( temp.temp_value1 >= 120 )
 163   2              {
 164   3                  EX0 = 0;
 165   3                  ac_dc.all_ctrl_flag = 0;
 166   3              }
 167   2              temp.temp_scan_flag = 0;
 168   2          }
 169   1      }
 170          
 171          void channel_close( void )
 172          {
 173   1          switch (ac_dc.channel_num)
 174   1          {
 175   2              case 1:
 176   2              ac_dc.ac_out1_flag = 1;
C51 COMPILER V9.60.7.0   POWER_CRL                                                         05/23/2025 16:57:01 PAGE 4   

 177   2              ac_dc.ac_out2_flag = ac_dc.ac_out3_flag = 0;
 178   2              break;
 179   2      
 180   2              case 2:
 181   2              ac_dc.ac_out2_flag = 1;
 182   2              ac_dc.ac_out1_flag = ac_dc.ac_out3_flag = 0;
 183   2              break;
 184   2      
 185   2              case 3:
 186   2              ac_dc.ac_out3_flag = 1;
 187   2              ac_dc.ac_out1_flag = ac_dc.ac_out2_flag = 0;
 188   2              break;
 189   2      
 190   2              case 4:
 191   2              ac_dc.ac_out1_flag = ac_dc.ac_out2_flag = 1;
 192   2              ac_dc.ac_out3_flag = 0;
 193   2              break;
 194   2      
 195   2              case 5:
 196   2              ac_dc.ac_out1_flag = ac_dc.ac_out3_flag = 1;
 197   2              ac_dc.ac_out2_flag = 0;
 198   2              break;
 199   2      
 200   2              case 6:
 201   2              ac_dc.ac_out2_flag = ac_dc.ac_out3_flag = 1;
 202   2              ac_dc.ac_out1_flag = 0;
 203   2              break;
 204   2      
 205   2              case 7:
 206   2              ac_dc.ac_out1_flag = ac_dc.ac_out2_flag = ac_dc.ac_out3_flag = 1;
 207   2              break;
 208   2      
 209   2          default:
 210   2              break;
 211   2          }
 212   1      }
 213          
 214          void extern_24_listen( void )
 215          {
 216   1          static uint8_t now_val = 1;
 217   1          if(now_val != ac_dc.signal_in_flag)
 218   1          {
 219   2              now_val = ac_dc.signal_in_flag;
 220   2              if( now_val == 0 )
 221   2              {
 222   3                  ac_dc.fan_delay_flag = 1;
 223   3              }else
 224   2              {
 225   3                  ac_dc.fan_delay_flag = 0;
 226   3              }
 227   2          }
 228   1      }              


MODULE INFORMATION:   STATIC OVERLAYABLE
   CODE SIZE        =    501    ----
   CONSTANT SIZE    =   ----    ----
   XDATA SIZE       =     21    ----
   PDATA SIZE       =   ----    ----
   DATA SIZE        =   ----    ----
   IDATA SIZE       =   ----    ----
   BIT SIZE         =   ----    ----
C51 COMPILER V9.60.7.0   POWER_CRL                                                         05/23/2025 16:57:01 PAGE 5   

END OF MODULE INFORMATION.


C51 COMPILATION COMPLETE.  0 WARNING(S),  0 ERROR(S)
